Starting preprocessing of the model file ...
Found 18 equation(s).
Evaluating expressions...done
Computing static model derivatives (order 1).
Computing dynamic model derivatives (order 1).
Processing outputs ...
done
Preprocessing completed.

STEADY-STATE RESULTS:

pe       		 1
ntilde   		 0.666667
nd       		 0.048
nc       		 0.032
petilde  		 0.6
n        		 0.92
y        		 0.511317
r        		 0.251488
e        		 0.0444623
k        		 0.311401
c        		 0.378505
zd       		 0.0266774
zc       		 0.0177849
s        		 0.259743
kcurrent 		 0.311401
zd2      		 0.0266774
zc2      		 0.0177849
MCn      		 0

STEADY-STATE RESULTS:

pe       		 1.19023
ntilde   		 1.17521
nd       		 0.0315733
nc       		 0.0371052
petilde  		 0.469742
n        		 0.931321
y        		 0.506288
r        		 0.251488
e        		 0.0365392
k        		 0.30459
c        		 0.376382
zd       		 0.017164
zc       		 0.0201713
s        		 0.256586
kcurrent 		 0.30459
zd2      		 0.017164
zc2      		 0.0201713
MCn      		 6.93889e-18

tauc_shock =

     1
     1
     1
     1
     1
     1
     1
     1
     1
     1
     1
     1
     1
     1
     1
     1
     1
     1
     1
     1
     1
     1
     1
     1
     1
     1
     1
     1
     1
     1
     1
     1
     1
     1
     1
     1
     1
     1
     1
     1
     1
     1
     1
     1
     1
     1
     1
     1
     1
     1
     1
     1
     1
     1
     1
     1
     1
     1
     1
     1
     1
     1
     1
     1
     1
     1
     1
     1
     1
     1
     1
     1
     1
     1
     1
     1
     1
     1
     1
     1
     1
     1
     1
     1
     1
     1
     1
     1
     1
     1
     1
     1
     1
     1
     1
     1
     1
     1
     1
     1
     1
     1
     1
     1
     1
     1
     1
     1
     1
     1
     1
     1
     1
     1
     1
     1
     1
     1
     1
     1
     1
     1
     1
     1
     1
     1
     1
     1
     1
     1
     1
     1
     1
     1
     1
     1
     1
     1
     1
     1
     1
     1
     1
     1
     1
     1
     1
     1
     1
     1
     1
     1
     1
     1
     1
     1
     1
     1
     1
     1
     1
     1
     1
     1
     1
     1
     1
     1
     1
     1
     1
     1
     1
     1
     1
     1
     1
     1
     1
     1
     1
     1
     1
     1
     1
     1
     1
     1
     1
     1
     1
     1
     1
     1
     1
     1
     1
     1
     1
     1
     1
     1
     1
     1
     1
     1
     1
     1
     1
     1
     1
     1
     1
     1
     1
     1
     1
     1
     1
     1
     1
     1
     1
     1
     1
     1
     1
     1
     1
     1
     1
     1
     1
     1
     1
     1
     1
     1
     1
     1
     1
     1
     1
     1
     1
     1
     1
     1
     1
     1
     1
     1
     1
     1
     1
     1
     1
     1
     1
     1
     1
     1
     1
     1
     1
     1
     1
     1
     1
     1
     1
     1
     1
     1
     1
     1
     1
     1
     1
     1
     1
     1
     1
     1
     1
     1
     1
     1
     1
     1
     1
     1
     1
     1
     1
     1
     1
     1
     1
     1
     1
     1
     1
     1
     1
     1
     1
     1
     1
     1
     1
     1
     1
     1
     1
     1
     1
     1
     1
     1
     1
     1
     1
     1
     1
     1
     1
     1
     1
     1
     1
     1
     1
     1
     1
     1
     1
     1
     1
     1
     1
     1
     1
     1
     1
     1
     1
     1
     1
     1
     1
     1
     1
     1
     1
     1
     1
     1
     1
     1
     1
     1
     1
     1
     1
     1
     1
     1
     1
     1
     1
     1
     1
     1
     1
     1
     1
     1
     1
     1
     1
     1
     1
     1
     1
     1
     1
     1
     1
     1
     1
     1
     1
     1
     1
     1
     1
     1
     1
     1
     1


taud_shock =

    1.0000
    1.7288
    1.6867
    1.6488
    1.6141
    1.5817
    1.5514
    1.5229
    1.4959
    1.4703
    1.4461
    1.4232
    1.4014
    1.3808
    1.3612
    1.3426
    1.3249
    1.3082
    1.2923
    1.2772
    1.2629
    1.2493
    1.2365
    1.2243
    1.2127
    1.2017
    1.1913
    1.1814
    1.1720
    1.1631
    1.1547
    1.1467
    1.1391
    1.1319
    1.1251
    1.1186
    1.1125
    1.1067
    1.1012
    1.0960
    1.0572
    1.0572
    1.0572
    1.0572
    1.0572
    1.0572
    1.0572
    1.0572
    1.0572
    1.0572
    1.0572
    1.0572
    1.0572
    1.0572
    1.0572
    1.0572
    1.0572
    1.0572
    1.0572
    1.0572
    1.0572
    1.0572
    1.0572
    1.0572
    1.0572
    1.0572
    1.0572
    1.0572
    1.0572
    1.0572
    1.0572
    1.0572
    1.0572
    1.0572
    1.0572
    1.0572
    1.0572
    1.0572
    1.0572
    1.0572
    1.0067
    1.0067
    1.0067
    1.0067
    1.0067
    1.0067
    1.0067
    1.0067
    1.0067
    1.0067
    1.0067
    1.0067
    1.0067
    1.0067
    1.0067
    1.0067
    1.0067
    1.0067
    1.0067
    1.0067
    1.0067
    1.0067
    1.0067
    1.0067
    1.0067
    1.0067
    1.0067
    1.0067
    1.0067
    1.0067
    1.0067
    1.0067
    1.0067
    1.0067
    1.0067
    1.0067
    1.0067
    1.0067
    1.0067
    1.0067
    1.0012
    1.0012
    1.0012
    1.0012
    1.0012
    1.0012
    1.0012
    1.0012
    1.0012
    1.0012
    1.0012
    1.0012
    1.0012
    1.0012
    1.0012
    1.0012
    1.0012
    1.0012
    1.0012
    1.0012
    1.0012
    1.0012
    1.0012
    1.0012
    1.0012
    1.0012
    1.0012
    1.0012
    1.0012
    1.0012
    1.0012
    1.0012
    1.0012
    1.0012
    1.0012
    1.0012
    1.0012
    1.0012
    1.0012
    1.0012
    1.0006
    1.0006
    1.0006
    1.0006
    1.0006
    1.0006
    1.0006
    1.0006
    1.0006
    1.0006
    1.0006
    1.0006
    1.0006
    1.0006
    1.0006
    1.0006
    1.0006
    1.0006
    1.0006
    1.0006
    1.0006
    1.0006
    1.0006
    1.0006
    1.0006
    1.0006
    1.0006
    1.0006
    1.0006
    1.0006
    1.0006
    1.0006
    1.0006
    1.0006
    1.0006
    1.0006
    1.0006
    1.0006
    1.0006
    1.0006
    1.0000
    1.0000
    1.0000
    1.0000
    1.0000
    1.0000
    1.0000
    1.0000
    1.0000
    1.0000
    1.0000
    1.0000
    1.0000
    1.0000
    1.0000
    1.0000
    1.0000
    1.0000
    1.0000
    1.0000
    1.0000
    1.0000
    1.0000
    1.0000
    1.0000
    1.0000
    1.0000
    1.0000
    1.0000
    1.0000
    1.0000
    1.0000
    1.0000
    1.0000
    1.0000
    1.0000
    1.0000
    1.0000
    1.0000
    1.0000
    1.0001
    1.0001
    1.0001
    1.0001
    1.0001
    1.0001
    1.0001
    1.0001
    1.0001
    1.0001
    1.0001
    1.0001
    1.0001
    1.0001
    1.0001
    1.0001
    1.0001
    1.0001
    1.0001
    1.0001
    1.0001
    1.0001
    1.0001
    1.0001
    1.0001
    1.0001
    1.0001
    1.0001
    1.0001
    1.0001
    1.0001
    1.0001
    1.0001
    1.0001
    1.0001
    1.0001
    1.0001
    1.0001
    1.0001
    1.0001
    1.0000
    1.0000
    1.0000
    1.0000
    1.0000
    1.0000
    1.0000
    1.0000
    1.0000
    1.0000
    1.0000
    1.0000
    1.0000
    1.0000
    1.0000
    1.0000
    1.0000
    1.0000
    1.0000
    1.0000
    1.0000
    1.0000
    1.0000
    1.0000
    1.0000
    1.0000
    1.0000
    1.0000
    1.0000
    1.0000
    1.0000
    1.0000
    1.0000
    1.0000
    1.0000
    1.0000
    1.0000
    1.0000
    1.0000
    1.0000
    1.0000
    1.0000
    1.0000
    1.0000
    1.0000
    1.0000
    1.0000
    1.0000
    1.0000
    1.0000
    1.0000
    1.0000
    1.0000
    1.0000
    1.0000
    1.0000
    1.0000
    1.0000
    1.0000
    1.0000
    1.0000
    1.0000
    1.0000
    1.0000
    1.0000
    1.0000
    1.0000
    1.0000
    1.0000
    1.0000
    1.0000
    1.0000
    1.0000
    1.0000
    1.0000
    1.0000
    1.0000
    1.0000
    1.0000
    1.0000
    1.3586
    1.3586
    1.3586
    1.3586
    1.3586
    1.3586
    1.3586
    1.3586
    1.3586
    1.3586
    1.3586
    1.3586
    1.3586
    1.3586
    1.3586
    1.3586
    1.3586
    1.3586
    1.3586
    1.3586
    1.3586
    1.3586
    1.3586
    1.3586
    1.3586
    1.3586
    1.3586
    1.3586
    1.3586
    1.3586
    1.3586
    1.3586
    1.3586
    1.3586
    1.3586
    1.3586
    1.3586
    1.3586
    1.3586
    1.3586
    1.3586


--------------------------------------------------------
MODEL SIMULATION:

Iter: 1,	 err. = 0.660136,	 time = 0.143
Iter: 2,	 err. = 0.0359862,	 time = 0.021
Iter: 3,	 err. = 0.000789306,	 time = 0.02
Iter: 4,	 err. = 6.61368e-07,	 time = 0.02

Total time of simulation: 0.275.
--------------------------------------------------------

Perfect foresight solution found.

Total computing time : 0h00m01s
